Build started 2021/01/29 11:12:48.
     1>Project "D:\AVSimulation\SCANeRstudio_2021\APIs\samples\ScanerAPI\SampleHeadlight\ScanerAPISensorsViewerPixelLighting\ScanerAPISensorsViewerPixelLighting.vcxproj" on node 2 (Rebuild target(s)).
     1>ClCompile:
         C:\Program Files (x86)\Microsoft Visual Studio 12.0\VC\bin\x86_amd64\CL.exe /c /I../.. /I../../../../include /I"/windows/vs2019/VCPKG/installed/x64-windows/include" /IC:\OSG_301\x64\vs2013\include /Zi /nologo /W3 /WX- /MP /Od /GL /D BOOST_PYTHON_STATIC_LIB /D OSG /D NDEBUG /D WIN32 /D _WINDOWS /D WINVER=0x502 /D _WIN32_WINNT=0x502 /D NO_WARN_MBCS_MFC_DEPRECATION /D _SCL_SECURE_NO_WARNINGS /D _CRT_SECURE_NO_WARNINGS /GF /Gm- /EHsc /MD /GS /Gy /fp:precise /Zc:wchar_t /Zc:forScope /GR /Fo"obj\ScanerAPISensorsViewerPixelLighting\x64/vs2019\Release\\" /Fd"obj\ScanerAPISensorsViewerPixelLighting\x64/vs2019\Release\vc120.pdb" /Gd /TP /errorReport:prompt Picto3D.cpp main.cpp ObjectBoundingBox.cpp ObjectBoundingBox2D.cpp SensorsViewer.cpp SensorViewerPixelLightingConfig.cpp
         Picto3D.cpp
         main.cpp
         ObjectBoundingBox.cpp
         ObjectBoundingBox2D.cpp
         SensorsViewer.cpp
         SensorViewerPixelLightingConfig.cpp
       Link:
         C:\Program Files (x86)\Microsoft Visual Studio 12.0\VC\bin\x86_amd64\link.exe /ERRORREPORT:PROMPT /OUT:"../../../../bin\x64/vs2019\ScanerAPISensorsViewerPixelLighting.exe" /NOLOGO /LIBPATH:../../../../lib\x64/vs2019 /LIBPATH:"/windows/vs2019/VCPKG/installed/x64-windows\lib" /LIBPATH:C:\OSG_301\x64\vs2013\lib SCANeR_API_C.lib stk.lib osgUtil.lib OpenThreads.lib osgViewer.lib osgParticle.lib osgGA.lib osgSim.lib osgText.lib osg.lib osgDB.lib kernel32.lib user32.lib gdi32.lib winspool.lib comdlg32.lib advapi32.lib shell32.lib ole32.lib oleaut32.lib uuid.lib odbc32.lib odbccp32.lib /MANIFEST /MANIFESTUAC:"level='asInvoker' uiAccess='false'" /manifest:embed /DEBUG /PDB:"../../../../bin\x64/vs2019\ScanerAPISensorsViewerPixelLighting.pdb" /SUBSYSTEM:CONSOLE /LARGEADDRESSAWARE /LTCG /TLBID:1 /DYNAMICBASE /NXCOMPAT /IMPLIB:"../../../../bin\x64/vs2019\ScanerAPISensorsViewerPixelLighting.lib" /MACHINE:X64 /SAFESEH:NO obj\ScanerAPISensorsViewerPixelLighting\x64/vs2019\Release\Picto3D.obj
         obj\ScanerAPISensorsViewerPixelLighting\x64/vs2019\Release\main.obj
         obj\ScanerAPISensorsViewerPixelLighting\x64/vs2019\Release\ObjectBoundingBox.obj
         obj\ScanerAPISensorsViewerPixelLighting\x64/vs2019\Release\ObjectBoundingBox2D.obj
         obj\ScanerAPISensorsViewerPixelLighting\x64/vs2019\Release\SensorsViewer.obj
         obj\ScanerAPISensorsViewerPixelLighting\x64/vs2019\Release\SensorViewerPixelLightingConfig.obj
         Generating code
         Finished generating code
         ScanerAPISensorsViewerPixelLighting.vcxproj -> D:\AVSimulation\SCANeRstudio_2021\APIs\samples\ScanerAPI\SampleHeadlight\ScanerAPISensorsViewerPixelLighting\../../../../bin\x64/vs2019\ScanerAPISensorsViewerPixelLighting.exe
     1>Done Building Project "D:\AVSimulation\SCANeRstudio_2021\APIs\samples\ScanerAPI\SampleHeadlight\ScanerAPISensorsViewerPixelLighting\ScanerAPISensorsViewerPixelLighting.vcxproj" (Rebuild target(s)).

Build succeeded.

Time Elapsed 00:00:15.14
